<?xml version="1.0" encoding="UTF-8"?>
<testng-results ignored="0" total="1" passed="1" failed="0" skipped="0">
  <reporter-output>
  </reporter-output>
  <suite started-at="2024-03-17T13:00:05 IST" name="Default suite" finished-at="2024-03-17T13:00:39 IST" duration-ms="33930">
    <groups>
    </groups>
    <test started-at="2024-03-17T13:00:05 IST" name="Default test" finished-at="2024-03-17T13:00:39 IST" duration-ms="33930">
      <class name="Assertions.CheckUrlSearchButtonTextBox">
        <test-method signature="task()[pri:0, instance:Assertions.CheckUrlSearchButtonTextBox@397fbdb]" started-at="2024-03-17T13:00:05 IST" name="task" finished-at="2024-03-17T13:00:39 IST" duration-ms="33299" status="PASS">
          <reporter-output>
          </reporter-output>
        </test-method> <!-- task -->
      </class> <!-- Assertions.CheckUrlSearchButtonTextBox -->
    </test> <!-- Default test -->
  </suite> <!-- Default suite -->
</testng-results>
